<?xml version='1.0' encoding='UTF-8'?>
<!DOCTYPE dataset>
<dataset>

  <RELATED_ENTITIES ID="1" DATA="{''email'':''services@ands.org.au'',''url'':[''http://ands.org.au/'']}" END_DATE="9999-12-01 00:00:00.0" MODIFIED_BY="SYSTEM" OWNER="ANDS-Curated" RELATED_ENTITY_ID="1" START_DATE="2015-11-26 10:04:05.0" TITLE="Australian National Data Service" TYPE="PARTY"/>
  <RELATED_ENTITY_IDS ID="1"/>

  <UPLOADS ID="1" FILENAME="test1.ttl" FORMAT="TTL" MODIFIED_BY="SYSTEM" OWNER="ANDS-Curated"/>

  <VOCABULARY_IDS ID="1"/>

  <VOCABULARIES ID="1" DATA="{''subjects'':[{''iri'':''http://purl.org/au-research/vocabulary/anzsrc-for/2008/08'',''label'':''INFORMATION AND COMPUTING SCIENCES'',''source'':''anzsrc-for''}],''other-languages'':[],''top-concepts'':[],''acronym'':''RIF-CS'',''creation-date'':''2008-12-31'',''description'':''The RIF-CS schema ...'',''licence'':''CC-BY'',''primary-language'':''en'',''revision-cycle'':''Updated as required'',''title'':''RIF - CS (Vocabularies)''}" END_DATE="2017-10-01 10:20:00.0" MODIFIED_BY="TEST" OWNER="ANDS-Curated" SLUG="rifcs" START_DATE="2017-10-01 10:10:00.0" STATUS="PUBLISHED" VOCABULARY_ID="1"/>
  <VOCABULARIES ID="2" DATA="{''subjects'':[{''iri'':''http://purl.org/au-research/vocabulary/anzsrc-for/2008/08'',''label'':''INFORMATION AND COMPUTING SCIENCES'',''source'':''anzsrc-for''}],''other-languages'':[],''top-concepts'':[],''acronym'':''RIF-CS'',''creation-date'':''2008-12-31'',''description'':''The RIF-CS schema ...'',''licence'':''CC-BY'',''primary-language'':''en'',''revision-cycle'':''Updated as required'',''title'':''RIF - CS (Vocabularies)''}" END_DATE="9999-12-01 00:00:00.0" MODIFIED_BY="TEST" OWNER="ANDS-Curated" SLUG="rifcs" START_DATE="2017-10-01 10:20:00.0" STATUS="PUBLISHED" VOCABULARY_ID="1"/>

  <VERSION_IDS ID="990"/>
  <VERSION_IDS ID="1028"/>

  <VERSIONS ID="1" DATA="{''browse-flag'':[],''do-import'':true,''do-publish'':true,''note'':''Note for v1'',''title'':''Version 1''}" END_DATE="2017-10-01 10:20:00.0" MODIFIED_BY="TEST" RELEASE_DATE="2014-01" SLUG="version-1" START_DATE="2017-10-01 10:10:00.0" STATUS="CURRENT" VERSION_ID="990" VOCABULARY_ID="1"/>
  <VERSIONS ID="2" DATA="{''browse-flag'':[],''do-import'':true,''do-publish'':true,''note'':''Note for v1'',''title'':''Version 1''}" END_DATE="9999-12-01 00:00:00.0" MODIFIED_BY="TEST" RELEASE_DATE="2014-01" SLUG="version-1" START_DATE="2017-10-01 10:20:00.0" STATUS="CURRENT" VERSION_ID="1028" VOCABULARY_ID="1"/>

  <ACCESS_POINT_IDS ID="1"/>
  <ACCESS_POINT_IDS ID="2"/>
  <ACCESS_POINT_IDS ID="3"/>
  <ACCESS_POINT_IDS ID="4"/>
  <ACCESS_POINT_IDS ID="5"/>
  <ACCESS_POINT_IDS ID="6"/>
  <ACCESS_POINT_IDS ID="7"/>
  <ACCESS_POINT_IDS ID="8"/>

  <ACCESS_POINTS ID="1" ACCESS_POINT_ID="1" DATA="{''format'':''TTL'',''path'':''{VOCABS}/ands-curated/1/990/20171001T1010/harvest_data/1.ttl'',''upload-id'':1,''url'':''{DOWNLOADPREFIX}1/test1.ttl''}" END_DATE="2017-10-01 10:20:00.0" MODIFIED_BY="TEST" SOURCE="USER" START_DATE="2017-10-01 10:10:00.0" TYPE="FILE" VERSION_ID="990"/>
  <ACCESS_POINTS ID="2" ACCESS_POINT_ID="2" DATA="{''url'':''http://localhost/repository/api/sparql/ands-curated_rifcs_version-1''}" END_DATE="2017-10-01 10:20:00.0" MODIFIED_BY="TEST" SOURCE="SYSTEM" START_DATE="2017-10-01 10:10:00.0" TYPE="API_SPARQL" VERSION_ID="990"/>
  <ACCESS_POINTS ID="3" ACCESS_POINT_ID="3" DATA="{''repository'':''ands-curated_rifcs_version-1'',''server-base'':''http://localhost:8123/openrdf-sesame/'',''url-prefix'':''{DOWNLOADPREFIX}3/ands-curated_rifcs_version-1.''}" END_DATE="2017-10-01 10:20:00.0" MODIFIED_BY="TEST" SOURCE="SYSTEM" START_DATE="2017-10-01 10:10:00.0" TYPE="SESAME_DOWNLOAD" VERSION_ID="990"/>
  <ACCESS_POINTS ID="4" ACCESS_POINT_ID="4" DATA="{''path'':''{SPECS}/ands-curated_rifcs_version-1.ttl'',''url-prefix'':''http://localhost/repository/api/lda/ands-curated/rifcs/version-1''}" END_DATE="2017-10-01 10:20:00.0" MODIFIED_BY="TEST" SOURCE="SYSTEM" START_DATE="2017-10-01 10:10:00.0" TYPE="SISSVOC" VERSION_ID="990"/>
  <ACCESS_POINTS ID="5" ACCESS_POINT_ID="5" DATA="{''format'':''TTL'',''path'':''{VOCABS}/ands-curated/1/1028/20171001T1020/harvest_data/1.ttl'',''upload-id'':1,''url'':''{DOWNLOADPREFIX}5/test1.ttl''}" END_DATE="9999-12-01 00:00:00.0" MODIFIED_BY="TEST" SOURCE="USER" START_DATE="2017-10-01 10:20:00.0" TYPE="FILE" VERSION_ID="1028"/>
  <ACCESS_POINTS ID="6" ACCESS_POINT_ID="6" DATA="{''url'':''http://localhost/repository/api/sparql/ands-curated_rifcs_version-1''}" END_DATE="9999-12-01 00:00:00.0" MODIFIED_BY="TEST" SOURCE="SYSTEM" START_DATE="2017-10-01 10:20:00.0" TYPE="API_SPARQL" VERSION_ID="1028"/>
  <ACCESS_POINTS ID="7" ACCESS_POINT_ID="7" DATA="{''repository'':''ands-curated_rifcs_version-1'',''server-base'':''http://localhost:8123/openrdf-sesame/'',''url-prefix'':''{DOWNLOADPREFIX}7/ands-curated_rifcs_version-1.''}" END_DATE="9999-12-01 00:00:00.0" MODIFIED_BY="TEST" SOURCE="SYSTEM" START_DATE="2017-10-01 10:20:00.0" TYPE="SESAME_DOWNLOAD" VERSION_ID="1028"/>
  <ACCESS_POINTS ID="8" ACCESS_POINT_ID="8" DATA="{''path'':''{SPECS}/ands-curated_rifcs_version-1.ttl'',''url-prefix'':''http://localhost/repository/api/lda/ands-curated/rifcs/version-1''}" END_DATE="9999-12-01 00:00:00.0" MODIFIED_BY="TEST" SOURCE="SYSTEM" START_DATE="2017-10-01 10:20:00.0" TYPE="SISSVOC" VERSION_ID="1028"/>

  <VOCABULARY_RELATED_ENTITIES ID="1" END_DATE="9999-12-01 00:00:00.0" MODIFIED_BY="TEST" RELATED_ENTITY_ID="1" RELATION="PUBLISHED_BY" START_DATE="2017-10-01 10:10:00.0" VOCABULARY_ID="1"/>

  <VERSION_ARTEFACTS ID="1" DATA="{''path'':''{VOCABS}/ands-curated/1/990/20171001T1010/concepts_tree3.json''}" END_DATE="2017-10-01 10:20:00.0" MODIFIED_BY="TEST" START_DATE="2017-10-01 10:10:00.0" STATUS="CURRENT" TYPE="CONCEPT_TREE" VERSION_ARTEFACT_ID="1" VERSION_ID="990"/>
  <VERSION_ARTEFACTS ID="2" DATA="{''path'':''{VOCABS}/ands-curated/1/990/20171001T1010/concepts_list.json''}" END_DATE="2017-10-01 10:20:00.0" MODIFIED_BY="TEST" START_DATE="2017-10-01 10:10:00.0" STATUS="CURRENT" TYPE="CONCEPT_LIST" VERSION_ARTEFACT_ID="2" VERSION_ID="990"/>
  <VERSION_ARTEFACTS ID="3" DATA="{''path'':''{VOCABS}/ands-curated/1/990/20171001T1010/resource_docs.json''}" END_DATE="2017-10-01 10:20:00.0" MODIFIED_BY="TEST" START_DATE="2017-10-01 10:10:00.0" STATUS="CURRENT" TYPE="RESOURCE_DOCS" VERSION_ARTEFACT_ID="3" VERSION_ID="990"/>
  <VERSION_ARTEFACTS ID="4" DATA="{''path'':''{VOCABS}/ands-curated/1/1028/20171001T1020/concepts_tree3.json''}" END_DATE="9999-12-01 00:00:00.0" MODIFIED_BY="TEST" START_DATE="2017-10-01 10:20:00.0" STATUS="CURRENT" TYPE="CONCEPT_TREE" VERSION_ARTEFACT_ID="4" VERSION_ID="1028"/>
  <VERSION_ARTEFACTS ID="5" DATA="{''path'':''{VOCABS}/ands-curated/1/1028/20171001T1020/concepts_list.json''}" END_DATE="9999-12-01 00:00:00.0" MODIFIED_BY="TEST" START_DATE="2017-10-01 10:20:00.0" STATUS="CURRENT" TYPE="CONCEPT_LIST" VERSION_ARTEFACT_ID="5" VERSION_ID="1028"/>
  <VERSION_ARTEFACTS ID="6" DATA="{''path'':''{VOCABS}/ands-curated/1/1028/20171001T1020/resource_docs.json''}" END_DATE="9999-12-01 00:00:00.0" MODIFIED_BY="TEST" START_DATE="2017-10-01 10:20:00.0" STATUS="CURRENT" TYPE="RESOURCE_DOCS" VERSION_ARTEFACT_ID="6" VERSION_ID="1028"/>

  <VERSION_ARTEFACT_IDS ID="1"/>
  <VERSION_ARTEFACT_IDS ID="2"/>
  <VERSION_ARTEFACT_IDS ID="3"/>
  <VERSION_ARTEFACT_IDS ID="4"/>
  <VERSION_ARTEFACT_IDS ID="5"/>
  <VERSION_ARTEFACT_IDS ID="6"/>

  <OWNERS OWNER_ID="1" OWNER="ANDS-Curated"/>

  <REGISTRY_EVENTS ID="1" ELEMENT_ID="1" ELEMENT_TYPE="VOCABULARIES" EVENT_DATE="2017-10-01 10:10:00.0" EVENT_DETAILS="{''id'':1,''status'':''published''}" EVENT_TYPE="CREATED" EVENT_USER="TEST"/>
  <REGISTRY_EVENTS ID="2" ELEMENT_ID="990" ELEMENT_TYPE="VERSIONS" EVENT_DATE="2017-10-01 10:10:00.0" EVENT_DETAILS="{''draft'':false,''id'':1,''status'':''current''}" EVENT_TYPE="CREATED" EVENT_USER="TEST"/>
  <REGISTRY_EVENTS ID="3" ELEMENT_ID="1" ELEMENT_TYPE="ACCESS_POINTS" EVENT_DATE="2017-10-01 10:10:00.0" EVENT_DETAILS="{''draft'':false,''id'':1}" EVENT_TYPE="CREATED" EVENT_USER="TEST"/>
  <REGISTRY_EVENTS ID="4" ELEMENT_ID="1" ELEMENT_TYPE="VOCABULARIES" EVENT_DATE="2017-10-01 10:20:00.0" EVENT_DETAILS="{''id'':2,''previous_id'':1,''status'':''published''}" EVENT_TYPE="UPDATED" EVENT_USER="TEST"/>
  <REGISTRY_EVENTS ID="5" ELEMENT_ID="1028" ELEMENT_TYPE="VERSIONS" EVENT_DATE="2017-10-01 10:20:00.0" EVENT_DETAILS="{''draft'':false,''id'':2,''status'':''current''}" EVENT_TYPE="CREATED" EVENT_USER="TEST"/>
  <REGISTRY_EVENTS ID="6" ELEMENT_ID="1" ELEMENT_TYPE="ACCESS_POINTS" EVENT_DATE="2017-10-01 10:20:00.0" EVENT_DETAILS="{''draft'':false,''id'':1}" EVENT_TYPE="DELETED" EVENT_USER="TEST"/>
  <REGISTRY_EVENTS ID="7" ELEMENT_ID="990" ELEMENT_TYPE="VERSIONS" EVENT_DATE="2017-10-01 10:20:00.0" EVENT_DETAILS="{''draft'':false,''id'':1,''status'':''current''}" EVENT_TYPE="DELETED" EVENT_USER="TEST"/>
  <REGISTRY_EVENTS ID="8" ELEMENT_ID="5" ELEMENT_TYPE="ACCESS_POINTS" EVENT_DATE="2017-10-01 10:20:00.0" EVENT_DETAILS="{''draft'':false,''id'':5}" EVENT_TYPE="CREATED" EVENT_USER="TEST"/>

  <TASKS ID="1" PARAMS="[{''operation'':''insert'',''priority'':20,''provider'':''ConceptTree'',''results'':{''timestamp'':''2022-11-21T05:50:36.110''},''status'':''success'',''subtaskProviderType'':''transform''},{''operation'':''insert'',''priority'':20,''provider'':''JsonList'',''results'':{''timestamp'':''2022-11-21T05:50:36.113''},''status'':''success'',''subtaskProviderType'':''transform''},{''operation'':''insert'',''priority'':30,''provider'':''Sesame'',''results'':{''timestamp'':''2022-11-21T05:50:36.181''},''status'':''success'',''subtaskProviderType'':''importer''},{''operation'':''insert'',''priority'':40,''provider'':''SISSVoc'',''results'':{''timestamp'':''2022-11-21T05:50:36.184''},''status'':''success'',''subtaskProviderType'':''publish''},{''operation'':''insert'',''priority'':50,''provider'':''ResourceDocs'',''results'':{''timestamp'':''2022-11-21T05:50:36.188''},''status'':''success'',''subtaskProviderType'':''transform''},{''operation'':''perform'',''priority'':50,''provider'':''ResourceMap'',''results'':{''info-private'':''ResourceMapTransformProvider.transform(): no hosts associated with this owner: ANDS-Curated'',''timestamp'':''2022-11-21T05:50:36.189''},''status'':''success'',''subtaskProviderType'':''transform''}]" RESPONSE="{''response'':''All subtasks completed successfully.'',''timestamp'':''2022-11-21T05:50:36.189''}" STATUS="SUCCESS" VERSION_ID="990" VOCABULARY_ID="1"/>
  <TASKS ID="2" PARAMS="[{''operation'':''insert'',''priority'':20,''provider'':''ConceptTree'',''results'':{''timestamp'':''2022-11-21T05:50:36.250''},''status'':''success'',''subtaskProviderType'':''transform''},{''operation'':''insert'',''priority'':20,''provider'':''JsonList'',''results'':{''timestamp'':''2022-11-21T05:50:36.253''},''status'':''success'',''subtaskProviderType'':''transform''},{''operation'':''insert'',''priority'':30,''provider'':''Sesame'',''results'':{''timestamp'':''2022-11-21T05:50:36.324''},''status'':''success'',''subtaskProviderType'':''importer''},{''operation'':''insert'',''priority'':40,''provider'':''SISSVoc'',''results'':{''timestamp'':''2022-11-21T05:50:36.327''},''status'':''success'',''subtaskProviderType'':''publish''},{''operation'':''insert'',''priority'':50,''provider'':''ResourceDocs'',''results'':{''timestamp'':''2022-11-21T05:50:36.330''},''status'':''success'',''subtaskProviderType'':''transform''},{''operation'':''perform'',''priority'':50,''provider'':''ResourceMap'',''results'':{''info-private'':''ResourceMapTransformProvider.transform(): no hosts associated with this owner: ANDS-Curated'',''timestamp'':''2022-11-21T05:50:36.331''},''status'':''success'',''subtaskProviderType'':''transform''}]" RESPONSE="{''response'':''All subtasks completed successfully.'',''timestamp'':''2022-11-21T05:50:36.331''}" STATUS="SUCCESS" VERSION_ID="1028" VOCABULARY_ID="1"/>
  <TASKS ID="3" PARAMS="[{''operation'':''delete'',''priority'':-50,''provider'':''ResourceDocs'',''results'':{''timestamp'':''2022-11-21T05:50:36.228''},''status'':''success'',''subtaskProviderType'':''transform''},{''operation'':''delete'',''priority'':-50,''provider'':''ResourceMap'',''results'':{''timestamp'':''2022-11-21T05:50:36.230''},''status'':''success'',''subtaskProviderType'':''transform''},{''operation'':''delete'',''priority'':-40,''provider'':''SISSVoc'',''results'':{''timestamp'':''2022-11-21T05:50:36.230''},''status'':''success'',''subtaskProviderType'':''publish''},{''operation'':''delete'',''priority'':-30,''provider'':''Sesame'',''results'':{''timestamp'':''2022-11-21T05:50:36.245''},''status'':''success'',''subtaskProviderType'':''importer''},{''operation'':''delete'',''priority'':-20,''provider'':''ConceptTree'',''results'':{''timestamp'':''2022-11-21T05:50:36.245''},''status'':''success'',''subtaskProviderType'':''transform''},{''operation'':''delete'',''priority'':-20,''provider'':''JsonList'',''results'':{''timestamp'':''2022-11-21T05:50:36.246''},''status'':''success'',''subtaskProviderType'':''transform''}]" RESPONSE="{''response'':''All subtasks completed successfully.'',''timestamp'':''2022-11-21T05:50:36.246''}" STATUS="SUCCESS" VERSION_ID="990" VOCABULARY_ID="1"/>

  <POOLPARTY_SERVERS/>
  <RELATED_ENTITY_IDENTIFIERS/>
  <RELATED_ENTITY_IDENTIFIER_IDS/>
  <RESOURCE_MAP/>
  <RESOURCE_OWNER_HOSTS/>
  <SUBJECT_RESOLVER/>
  <SUBJECT_RESOLVER_SOURCES/>
  <SUBSCRIBERS/>
  <SUBSCRIBER_EMAIL_ADDRESSES/>
  <SUBSCRIBER_EMAIL_ADDRESS_IDS/>
  <SUBSCRIBER_IDS/>
  <SUBSCRIPTIONS/>
  <SUBSCRIPTION_IDS/>
  <VOCABULARY_RELATED_VOCABULARIES/>

</dataset>
