<?xml version='1.0' encoding='UTF-8'?>
<!DOCTYPE dataset>
<dataset>

  <RELATED_ENTITY_IDS ID="1"/>
  <RELATED_ENTITY_IDS ID="2"/>
  <RELATED_ENTITY_IDS ID="3"/>
  <RELATED_ENTITY_IDS ID="4"/>
  <RELATED_ENTITY_IDS ID="5"/>

  <RELATED_ENTITIES ID="1" DATA="{&quot;email&quot;:&quot;services@ands.org.au&quot;,&quot;url&quot;:[&quot;http://ands.org.au/&quot;]}" END_DATE="9999-12-01 00:00:00.0" MODIFIED_BY="SYSTEM" OWNER="ANDS-Curated" RELATED_ENTITY_ID="1" START_DATE="2015-11-26 10:04:05.0" TITLE="Australian National Data Service" TYPE="PARTY"/>
  <RELATED_ENTITIES ID="2" DATA="{&quot;email&quot;:&quot;agrovoc@fao.org&quot;,&quot;url&quot;:[&quot;http://www.fao.org/home/&quot;]}" END_DATE="9999-12-01 00:00:00.0" MODIFIED_BY="SYSTEM" OWNER="ANDS" RELATED_ENTITY_ID="2" START_DATE="2016-09-23 09:52:50.0" TITLE="Food and Agriculture Organization (FAO)" TYPE="PARTY"/>
  <RELATED_ENTITIES ID="3" DATA="{&quot;email&quot;:&quot;agrovoc@fao.org&quot;,&quot;url&quot;:[&quot;http://www.fao.org/home/&quot;]}" END_DATE="9999-12-01 00:00:00.0" MODIFIED_BY="SYSTEM" OWNER="ANDS-NC" RELATED_ENTITY_ID="3" START_DATE="2016-09-27 13:24:05.0" TITLE="Food and Agriculture Organization (FAO)" TYPE="PARTY"/>
  <RELATED_ENTITIES ID="4" DATA="{&quot;url&quot;:[&quot;http://www.usgs.gov&quot;]}" END_DATE="9999-12-01 00:00:00.0" MODIFIED_BY="SYSTEM" OWNER="ANDS" RELATED_ENTITY_ID="4" START_DATE="2015-09-23 11:46:42.0" TITLE="United States Geological Survey" TYPE="PARTY"/>
  <RELATED_ENTITIES ID="5" DATA="{}" END_DATE="9999-12-01 00:00:00.0" MODIFIED_BY="SYSTEM" OWNER="ANDS" RELATED_ENTITY_ID="5" START_DATE="2015-09-23 11:46:42.0" TITLE="Department of the Interior Office of Water Research and Technology" TYPE="PARTY"/>

  <VOCABULARY_IDS ID="1"/>

  <VERSION_IDS ID="1"/>
  <VERSION_IDS ID="2"/>

  <ACCESS_POINT_IDS ID="1"/>
  <ACCESS_POINT_IDS ID="2"/>

  <VERSION_ARTEFACT_IDS ID="1"/>
  <VERSION_ARTEFACT_IDS ID="2"/>

  <ACCESS_POINTS/>
  <POOLPARTY_SERVERS/>
  <REGISTRY_EVENTS/>
  <RELATED_ENTITY_IDENTIFIERS/>
  <RELATED_ENTITY_IDENTIFIER_IDS/>
  <RESOURCE_MAP/>
  <RESOURCE_OWNER_HOSTS/>
  <SUBJECT_RESOLVER/>
  <SUBJECT_RESOLVER_SOURCES/>
  <TASKS/>
  <UPLOADS/>
  <VERSIONS/>
  <VERSION_ARTEFACTS/>
<!--  <VERSION_ARTEFACT_IDS/>-->
  <VOCABULARIES/>
  <VOCABULARY_RELATED_ENTITIES/>
  <VOCABULARY_RELATED_VOCABULARIES/>

</dataset>
